This is pdfTeX, Version 3.14159265-2.6-1.40.18 (TeX Live 2017/Debian) (preloaded format=pdflatex 2018.11.11)  2 MAY 2019 16:36
entering extended mode
 restricted \write18 enabled.
 %&-line parsing enabled.
**machine_learning.tex
(./machine_learning.tex
LaTeX2e <2017-04-15>
Babel <3.18> and hyphenation patterns for 5 language(s) loaded.
(/usr/share/texlive/texmf-dist/tex/latex/base/report.cls
Document Class: report 2014/09/29 v1.4h Standard LaTeX document class
(/usr/share/texlive/texmf-dist/tex/latex/base/size11.clo
File: size11.clo 2014/09/29 v1.4h Standard LaTeX file (size option)
)
\c@part=\count79
\c@chapter=\count80
\c@section=\count81
\c@subsection=\count82
\c@subsubsection=\count83
\c@paragraph=\count84
\c@subparagraph=\count85
\c@figure=\count86
\c@table=\count87
\abovecaptionskip=\skip41
\belowcaptionskip=\skip42
\bibindent=\dimen102
)
(/usr/share/texlive/texmf-dist/tex/latex/graphics/graphicx.sty
Package: graphicx 2017/06/01 v1.1a Enhanced LaTeX Graphics (DPC,SPQR)

(/usr/share/texlive/texmf-dist/tex/latex/graphics/keyval.sty
Package: keyval 2014/10/28 v1.15 key=value parser (DPC)
\KV@toks@=\toks14
)
(/usr/share/texlive/texmf-dist/tex/latex/graphics/graphics.sty
Package: graphics 2017/06/25 v1.2c Standard LaTeX Graphics (DPC,SPQR)

(/usr/share/texlive/texmf-dist/tex/latex/graphics/trig.sty
Package: trig 2016/01/03 v1.10 sin cos tan (DPC)
)
(/usr/share/texlive/texmf-dist/tex/latex/graphics-cfg/graphics.cfg
File: graphics.cfg 2016/06/04 v1.11 sample graphics configuration
)
Package graphics Info: Driver file: pdftex.def on input line 99.

(/usr/share/texlive/texmf-dist/tex/latex/graphics-def/pdftex.def
File: pdftex.def 2018/01/08 v1.0l Graphics/color driver for pdftex
))
\Gin@req@height=\dimen103
\Gin@req@width=\dimen104
)
(/usr/share/texlive/texmf-dist/tex/latex/graphics/color.sty
Package: color 2016/07/10 v1.1e Standard LaTeX Color (DPC)

(/usr/share/texlive/texmf-dist/tex/latex/graphics-cfg/color.cfg
File: color.cfg 2016/01/02 v1.6 sample color configuration
)
Package color Info: Driver file: pdftex.def on input line 147.
)
(/usr/share/texlive/texmf-dist/tex/latex/xcolor/xcolor.sty
Package: xcolor 2016/05/11 v2.12 LaTeX color extensions (UK)

(/usr/share/texlive/texmf-dist/tex/latex/graphics-cfg/color.cfg
File: color.cfg 2016/01/02 v1.6 sample color configuration
)
Package xcolor Info: Driver file: pdftex.def on input line 225.
LaTeX Info: Redefining \color on input line 709.
Package xcolor Info: Model `cmy' substituted by `cmy0' on input line 1348.
Package xcolor Info: Model `hsb' substituted by `rgb' on input line 1352.
Package xcolor Info: Model `RGB' extended on input line 1364.
Package xcolor Info: Model `HTML' substituted by `rgb' on input line 1366.
Package xcolor Info: Model `Hsb' substituted by `hsb' on input line 1367.
Package xcolor Info: Model `tHsb' substituted by `hsb' on input line 1368.
Package xcolor Info: Model `HSB' substituted by `hsb' on input line 1369.
Package xcolor Info: Model `Gray' substituted by `gray' on input line 1370.
Package xcolor Info: Model `wave' substituted by `hsb' on input line 1371.
)
(/usr/share/texlive/texmf-dist/tex/latex/hyperref/hyperref.sty
Package: hyperref 2018/02/06 v6.86b Hypertext links for LaTeX

(/usr/share/texlive/texmf-dist/tex/generic/oberdiek/hobsub-hyperref.sty
Package: hobsub-hyperref 2016/05/16 v1.14 Bundle oberdiek, subset hyperref (HO)


(/usr/share/texlive/texmf-dist/tex/generic/oberdiek/hobsub-generic.sty
Package: hobsub-generic 2016/05/16 v1.14 Bundle oberdiek, subset generic (HO)
Package: hobsub 2016/05/16 v1.14 Construct package bundles (HO)
Package: infwarerr 2016/05/16 v1.4 Providing info/warning/error messages (HO)
Package: ltxcmds 2016/05/16 v1.23 LaTeX kernel commands for general use (HO)
Package: ifluatex 2016/05/16 v1.4 Provides the ifluatex switch (HO)
Package ifluatex Info: LuaTeX not detected.
Package: ifvtex 2016/05/16 v1.6 Detect VTeX and its facilities (HO)
Package ifvtex Info: VTeX not detected.
Package: intcalc 2016/05/16 v1.2 Expandable calculations with integers (HO)
Package: ifpdf 2017/03/15 v3.2 Provides the ifpdf switch
Package: etexcmds 2016/05/16 v1.6 Avoid name clashes with e-TeX commands (HO)
Package etexcmds Info: Could not find \expanded.
(etexcmds)             That can mean that you are not using pdfTeX 1.50 or
(etexcmds)             that some package has redefined \expanded.
(etexcmds)             In the latter case, load this package earlier.
Package: kvsetkeys 2016/05/16 v1.17 Key value parser (HO)
Package: kvdefinekeys 2016/05/16 v1.4 Define keys (HO)
Package: pdftexcmds 2018/01/21 v0.26 Utility functions of pdfTeX for LuaTeX (HO
)
Package pdftexcmds Info: LuaTeX not detected.
Package pdftexcmds Info: \pdf@primitive is available.
Package pdftexcmds Info: \pdf@ifprimitive is available.
Package pdftexcmds Info: \pdfdraftmode found.
Package: pdfescape 2016/05/16 v1.14 Implements pdfTeX's escape features (HO)
Package: bigintcalc 2016/05/16 v1.4 Expandable calculations on big integers (HO
)
Package: bitset 2016/05/16 v1.2 Handle bit-vector datatype (HO)
Package: uniquecounter 2016/05/16 v1.3 Provide unlimited unique counter (HO)
)
Package hobsub Info: Skipping package `hobsub' (already loaded).
Package: letltxmacro 2016/05/16 v1.5 Let assignment for LaTeX macros (HO)
Package: hopatch 2016/05/16 v1.3 Wrapper for package hooks (HO)
Package: xcolor-patch 2016/05/16 xcolor patch
Package: atveryend 2016/05/16 v1.9 Hooks at the very end of document (HO)
Package atveryend Info: \enddocument detected (standard20110627).
Package: atbegshi 2016/06/09 v1.18 At begin shipout hook (HO)
Package: refcount 2016/05/16 v3.5 Data extraction from label references (HO)
Package: hycolor 2016/05/16 v1.8 Color options for hyperref/bookmark (HO)
)
(/usr/share/texlive/texmf-dist/tex/generic/ifxetex/ifxetex.sty
Package: ifxetex 2010/09/12 v0.6 Provides ifxetex conditional
)
(/usr/share/texlive/texmf-dist/tex/latex/oberdiek/auxhook.sty
Package: auxhook 2016/05/16 v1.4 Hooks for auxiliary files (HO)
)
(/usr/share/texlive/texmf-dist/tex/latex/oberdiek/kvoptions.sty
Package: kvoptions 2016/05/16 v3.12 Key value format for package options (HO)
)
\@linkdim=\dimen105
\Hy@linkcounter=\count88
\Hy@pagecounter=\count89

(/usr/share/texlive/texmf-dist/tex/latex/hyperref/pd1enc.def
File: pd1enc.def 2018/02/06 v6.86b Hyperref: PDFDocEncoding definition (HO)
)
\Hy@SavedSpaceFactor=\count90

(/usr/share/texlive/texmf-dist/tex/latex/latexconfig/hyperref.cfg
File: hyperref.cfg 2002/06/06 v1.2 hyperref configuration of TeXLive
)
Package hyperref Info: Option `colorlinks' set `true' on input line 4383.
Package hyperref Info: Hyper figures OFF on input line 4509.
Package hyperref Info: Link nesting OFF on input line 4514.
Package hyperref Info: Hyper index ON on input line 4517.
Package hyperref Info: Plain pages OFF on input line 4524.
Package hyperref Info: Backreferencing OFF on input line 4529.
Package hyperref Info: Implicit mode ON; LaTeX internals redefined.
Package hyperref Info: Bookmarks ON on input line 4762.
\c@Hy@tempcnt=\count91

(/usr/share/texlive/texmf-dist/tex/latex/url/url.sty
\Urlmuskip=\muskip10
Package: url 2013/09/16  ver 3.4  Verb mode for urls, etc.
)
LaTeX Info: Redefining \url on input line 5115.
\XeTeXLinkMargin=\dimen106
\Fld@menulength=\count92
\Field@Width=\dimen107
\Fld@charsize=\dimen108
Package hyperref Info: Hyper figures OFF on input line 6369.
Package hyperref Info: Link nesting OFF on input line 6374.
Package hyperref Info: Hyper index ON on input line 6377.
Package hyperref Info: backreferencing OFF on input line 6384.
Package hyperref Info: Link coloring ON on input line 6387.
Package hyperref Info: Link coloring with OCG OFF on input line 6394.
Package hyperref Info: PDF/A mode OFF on input line 6399.
LaTeX Info: Redefining \ref on input line 6439.
LaTeX Info: Redefining \pageref on input line 6443.
\Hy@abspage=\count93
\c@Item=\count94
\c@Hfootnote=\count95
)
Package hyperref Info: Driver (autodetected): hpdftex.

(/usr/share/texlive/texmf-dist/tex/latex/hyperref/hpdftex.def
File: hpdftex.def 2018/02/06 v6.86b Hyperref driver for pdfTeX
\Fld@listcount=\count96
\c@bookmark@seq@number=\count97

(/usr/share/texlive/texmf-dist/tex/latex/oberdiek/rerunfilecheck.sty
Package: rerunfilecheck 2016/05/16 v1.8 Rerun checks for auxiliary files (HO)
Package uniquecounter Info: New unique counter `rerunfilecheck' on input line 2
82.
)
\Hy@SectionHShift=\skip43
)
(/usr/share/texlive/texmf-dist/tex/latex/geometry/geometry.sty
Package: geometry 2010/09/12 v5.6 Page Geometry
\Gm@cnth=\count98
\Gm@cntv=\count99
\c@Gm@tempcnt=\count100
\Gm@bindingoffset=\dimen109
\Gm@wd@mp=\dimen110
\Gm@odd@mp=\dimen111
\Gm@even@mp=\dimen112
\Gm@layoutwidth=\dimen113
\Gm@layoutheight=\dimen114
\Gm@layouthoffset=\dimen115
\Gm@layoutvoffset=\dimen116
\Gm@dimlist=\toks15
)
(/usr/share/texlive/texmf-dist/tex/latex/titlesec/titlesec.sty
Package: titlesec 2016/03/21 v2.10.2 Sectioning titles
\ttl@box=\box26
\beforetitleunit=\skip44
\aftertitleunit=\skip45
\ttl@plus=\dimen117
\ttl@minus=\dimen118
\ttl@toksa=\toks16
\titlewidth=\dimen119
\titlewidthlast=\dimen120
\titlewidthfirst=\dimen121
)
(/usr/share/texlive/texmf-dist/tex/latex/titlesec/ttlkeys.def
File: ttlkeys.def 2016/03/15
)
(/usr/share/texlive/texmf-dist/tex/latex/pdfpages/pdfpages.sty
Package: pdfpages 2017/10/31 v0.5l Insert pages of external PDF documents (AM)

(/usr/share/texlive/texmf-dist/tex/latex/base/ifthen.sty
Package: ifthen 2014/09/29 v1.1c Standard LaTeX ifthen package (DPC)
)
(/usr/share/texlive/texmf-dist/tex/latex/tools/calc.sty
Package: calc 2014/10/28 v4.3 Infix arithmetic (KKT,FJ)
\calc@Acount=\count101
\calc@Bcount=\count102
\calc@Adimen=\dimen122
\calc@Bdimen=\dimen123
\calc@Askip=\skip46
\calc@Bskip=\skip47
LaTeX Info: Redefining \setlength on input line 80.
LaTeX Info: Redefining \addtolength on input line 81.
\calc@Ccount=\count103
\calc@Cskip=\skip48
)
(/usr/share/texlive/texmf-dist/tex/latex/eso-pic/eso-pic.sty
Package: eso-pic 2015/07/21 v2.0g eso-pic (RN)
)
\AM@pagewidth=\dimen124
\AM@pageheight=\dimen125

(/usr/share/texlive/texmf-dist/tex/latex/pdfpages/pppdftex.def
File: pppdftex.def 2017/10/31 v0.5l Pdfpages driver for pdfTeX (AM)
)
\AM@pagebox=\box27
\AM@global@opts=\toks17
\AM@toc@title=\toks18
\c@AM@survey=\count104
\AM@templatesizebox=\box28
)
(./machine_learning.aux)
\openout1 = `machine_learning.aux'.

LaTeX Font Info:    Checking defaults for OML/cmm/m/it on input line 60.
LaTeX Font Info:    ... okay on input line 60.
LaTeX Font Info:    Checking defaults for T1/cmr/m/n on input line 60.
LaTeX Font Info:    ... okay on input line 60.
LaTeX Font Info:    Checking defaults for OT1/cmr/m/n on input line 60.
LaTeX Font Info:    ... okay on input line 60.
LaTeX Font Info:    Checking defaults for OMS/cmsy/m/n on input line 60.
LaTeX Font Info:    ... okay on input line 60.
LaTeX Font Info:    Checking defaults for OMX/cmex/m/n on input line 60.
LaTeX Font Info:    ... okay on input line 60.
LaTeX Font Info:    Checking defaults for U/cmr/m/n on input line 60.
LaTeX Font Info:    ... okay on input line 60.
LaTeX Font Info:    Checking defaults for PD1/pdf/m/n on input line 60.
LaTeX Font Info:    ... okay on input line 60.

(/usr/share/texlive/texmf-dist/tex/context/base/mkii/supp-pdf.mkii
[Loading MPS to PDF converter (version 2006.09.02).]
\scratchcounter=\count105
\scratchdimen=\dimen126
\scratchbox=\box29
\nofMPsegments=\count106
\nofMParguments=\count107
\everyMPshowfont=\toks19
\MPscratchCnt=\count108
\MPscratchDim=\dimen127
\MPnumerator=\count109
\makeMPintoPDFobject=\count110
\everyMPtoPDFconversion=\toks20
) (/usr/share/texlive/texmf-dist/tex/latex/oberdiek/epstopdf-base.sty
Package: epstopdf-base 2016/05/15 v2.6 Base part for package epstopdf

(/usr/share/texlive/texmf-dist/tex/latex/oberdiek/grfext.sty
Package: grfext 2016/05/16 v1.2 Manage graphics extensions (HO)
)
Package epstopdf-base Info: Redefining graphics rule for `.eps' on input line 4
38.
Package grfext Info: Graphics extension search list:
(grfext)             [.pdf,.png,.jpg,.mps,.jpeg,.jbig2,.jb2,.PDF,.PNG,.JPG,.JPE
G,.JBIG2,.JB2,.eps]
(grfext)             \AppendGraphicsExtensions on input line 456.

(/usr/share/texlive/texmf-dist/tex/latex/latexconfig/epstopdf-sys.cfg
File: epstopdf-sys.cfg 2010/07/13 v1.3 Configuration of (r)epstopdf for TeX Liv
e
))
\AtBeginShipoutBox=\box30
Package hyperref Info: Link coloring ON on input line 60.

(/usr/share/texlive/texmf-dist/tex/latex/hyperref/nameref.sty
Package: nameref 2016/05/21 v2.44 Cross-referencing by name of section

(/usr/share/texlive/texmf-dist/tex/generic/oberdiek/gettitlestring.sty
Package: gettitlestring 2016/05/16 v1.5 Cleanup title references (HO)
)
\c@section@level=\count111
)
LaTeX Info: Redefining \ref on input line 60.
LaTeX Info: Redefining \pageref on input line 60.
LaTeX Info: Redefining \nameref on input line 60.

(./machine_learning.out) (./machine_learning.out)
\@outlinefile=\write3
\openout3 = `machine_learning.out'.


*geometry* driver: auto-detecting
*geometry* detected driver: pdftex
*geometry* verbose mode - [ preamble ] result:
* driver: pdftex
* paper: <default>
* layout: <same size as paper>
* layoutoffset:(h,v)=(0.0pt,0.0pt)
* modes: 
* h-part:(L,W,R)=(72.26999pt, 469.75502pt, 72.26999pt)
* v-part:(T,H,B)=(36.135pt, 686.565pt, 72.26999pt)
* \paperwidth=614.295pt
* \paperheight=794.96999pt
* \textwidth=469.75502pt
* \textheight=686.565pt
* \oddsidemargin=0.0pt
* \evensidemargin=0.0pt
* \topmargin=-73.135pt
* \headheight=12.0pt
* \headsep=25.0pt
* \topskip=11.0pt
* \footskip=30.0pt
* \marginparwidth=59.0pt
* \marginparsep=10.0pt
* \columnsep=10.0pt
* \skip\footins=10.0pt plus 4.0pt minus 2.0pt
* \hoffset=0.0pt
* \voffset=0.0pt
* \mag=1000
* \@twocolumnfalse
* \@twosidefalse
* \@mparswitchfalse
* \@reversemarginfalse
* (1in=72.27pt=25.4mm, 1cm=28.453pt)

(/usr/share/texlive/texmf-dist/tex/latex/oberdiek/pdflscape.sty
Package: pdflscape 2016/05/14 v0.11 Display of landscape pages in PDF (HO)

(/usr/share/texlive/texmf-dist/tex/latex/graphics/lscape.sty
Package: lscape 2000/10/22 v3.01 Landscape Pages (DPC)
)
Package pdflscape Info: Auto-detected driver: pdftex on input line 81.
)
(./machine_learning.toc)
\tf@toc=\write4
\openout4 = `machine_learning.toc'.



Package pdfpages Warning: Option `page' is unknow to \includepdf.
(pdfpages)                Did you mean `pages'? (Note the `s'!)
(pdfpages)                OK, I'll proceed as if it were `pages'.



pdfTeX warning: pdflatex (file ./raw_files/cover.pdf): PDF inclusion: found PDF
 version <1.7>, but at most version <1.5> allowed
<./raw_files/cover.pdf, id=29, 597.23125pt x 845.1575pt>
File: ./raw_files/cover.pdf Graphic file (type pdf)
<use ./raw_files/cover.pdf>
Package pdftex.def Info: ./raw_files/cover.pdf  used on input line 64.
(pdftex.def)             Requested size: 597.22978pt x 845.15544pt.


pdfTeX warning: pdflatex (file ./raw_files/cover.pdf): PDF inclusion: found PDF
 version <1.7>, but at most version <1.5> allowed
File: ./raw_files/cover.pdf Graphic file (type pdf)
<use ./raw_files/cover.pdf>
Package pdftex.def Info: ./raw_files/cover.pdf  used on input line 64.
(pdftex.def)             Requested size: 597.22978pt x 845.15544pt.


pdfTeX warning: pdflatex (file ./raw_files/cover.pdf): PDF inclusion: found PDF
 version <1.7>, but at most version <1.5> allowed


pdfTeX warning: pdflatex (file ./raw_files/cover.pdf): PDF inclusion: found PDF
 version <1.7>, but at most version <1.5> allowed
<./raw_files/cover.pdf, id=32, page=1, 597.23125pt x 845.1575pt>
File: ./raw_files/cover.pdf Graphic file (type pdf)
<use ./raw_files/cover.pdf, page 1>
Package pdftex.def Info: ./raw_files/cover.pdf , page1 used on input line 64.
(pdftex.def)             Requested size: 597.22978pt x 845.15544pt.
File: ./raw_files/cover.pdf Graphic file (type pdf)
<use ./raw_files/cover.pdf, page 1>
Package pdftex.def Info: ./raw_files/cover.pdf , page1 used on input line 64.
(pdftex.def)             Requested size: 561.86221pt x 795.10587pt.
[1


{/var/lib/texmf/fonts/map/pdftex/updmap/pdftex.map}]
File: ./raw_files/cover.pdf Graphic file (type pdf)
<use ./raw_files/cover.pdf, page 1>
Package pdftex.def Info: ./raw_files/cover.pdf , page1 used on input line 64.
(pdftex.def)             Requested size: 561.86221pt x 795.10587pt.
File: ./raw_files/cover.pdf Graphic file (type pdf)
<use ./raw_files/cover.pdf, page 1>
Package pdftex.def Info: ./raw_files/cover.pdf , page1 used on input line 64.
(pdftex.def)             Requested size: 561.86221pt x 795.10587pt.
File: ./raw_files/cover.pdf Graphic file (type pdf)
<use ./raw_files/cover.pdf, page 1>
Package pdftex.def Info: ./raw_files/cover.pdf , page1 used on input line 64.
(pdftex.def)             Requested size: 561.86221pt x 795.10587pt.
 [2 <./raw_files/cover.pdf>]
Chapter 1.
[3

]

Package pdfpages Warning: Option `page' is unknow to \includepdf.
(pdfpages)                Did you mean `pages'? (Note the `s'!)
(pdfpages)                OK, I'll proceed as if it were `pages'.



pdfTeX warning: pdflatex (file ./raw_files/1.pdf): PDF inclusion: found PDF ver
sion <1.7>, but at most version <1.5> allowed
<./raw_files/1.pdf, id=54, 597.23125pt x 845.1575pt>
File: ./raw_files/1.pdf Graphic file (type pdf)
<use ./raw_files/1.pdf>
Package pdftex.def Info: ./raw_files/1.pdf  used on input line 67.
(pdftex.def)             Requested size: 597.22978pt x 845.15544pt.


pdfTeX warning: pdflatex (file ./raw_files/1.pdf): PDF inclusion: found PDF ver
sion <1.7>, but at most version <1.5> allowed
File: ./raw_files/1.pdf Graphic file (type pdf)
<use ./raw_files/1.pdf>
Package pdftex.def Info: ./raw_files/1.pdf  used on input line 67.
(pdftex.def)             Requested size: 597.22978pt x 845.15544pt.


pdfTeX warning: pdflatex (file ./raw_files/1.pdf): PDF inclusion: found PDF ver
sion <1.7>, but at most version <1.5> allowed


pdfTeX warning: pdflatex (file ./raw_files/1.pdf): PDF inclusion: found PDF ver
sion <1.7>, but at most version <1.5> allowed
<./raw_files/1.pdf, id=57, page=1, 597.23125pt x 845.1575pt>
File: ./raw_files/1.pdf Graphic file (type pdf)
<use ./raw_files/1.pdf, page 1>
Package pdftex.def Info: ./raw_files/1.pdf , page1 used on input line 67.
(pdftex.def)             Requested size: 597.22978pt x 845.15544pt.
File: ./raw_files/1.pdf Graphic file (type pdf)
<use ./raw_files/1.pdf, page 1>
Package pdftex.def Info: ./raw_files/1.pdf , page1 used on input line 67.
(pdftex.def)             Requested size: 561.86221pt x 795.10587pt.
File: ./raw_files/1.pdf Graphic file (type pdf)
<use ./raw_files/1.pdf, page 1>
Package pdftex.def Info: ./raw_files/1.pdf , page1 used on input line 67.
(pdftex.def)             Requested size: 561.86221pt x 795.10587pt.
File: ./raw_files/1.pdf Graphic file (type pdf)
<use ./raw_files/1.pdf, page 1>
Package pdftex.def Info: ./raw_files/1.pdf , page1 used on input line 67.
(pdftex.def)             Requested size: 561.86221pt x 795.10587pt.
File: ./raw_files/1.pdf Graphic file (type pdf)
<use ./raw_files/1.pdf, page 1>
Package pdftex.def Info: ./raw_files/1.pdf , page1 used on input line 67.
(pdftex.def)             Requested size: 561.86221pt x 795.10587pt.
[4 <./raw_files/1.pdf>]

pdfTeX warning: pdflatex (file ./raw_files/1.pdf): PDF inclusion: found PDF ver
sion <1.7>, but at most version <1.5> allowed
<./raw_files/1.pdf, id=66, page=2, 597.23125pt x 845.1575pt>
File: ./raw_files/1.pdf Graphic file (type pdf)
<use ./raw_files/1.pdf, page 2>
Package pdftex.def Info: ./raw_files/1.pdf , page2 used on input line 67.
(pdftex.def)             Requested size: 561.86221pt x 795.10587pt.
File: ./raw_files/1.pdf Graphic file (type pdf)
<use ./raw_files/1.pdf, page 2>
Package pdftex.def Info: ./raw_files/1.pdf , page2 used on input line 67.
(pdftex.def)             Requested size: 561.86221pt x 795.10587pt.
File: ./raw_files/1.pdf Graphic file (type pdf)
<use ./raw_files/1.pdf, page 2>
Package pdftex.def Info: ./raw_files/1.pdf , page2 used on input line 67.
(pdftex.def)             Requested size: 561.86221pt x 795.10587pt.
[5 <./raw_files/1.pdf>]
Chapter 2.
[6

]

Package pdfpages Warning: Option `page' is unknow to \includepdf.
(pdfpages)                Did you mean `pages'? (Note the `s'!)
(pdfpages)                OK, I'll proceed as if it were `pages'.



pdfTeX warning: pdflatex (file ./raw_files/2.pdf): PDF inclusion: found PDF ver
sion <1.7>, but at most version <1.5> allowed
<./raw_files/2.pdf, id=77, 597.23125pt x 845.1575pt>
File: ./raw_files/2.pdf Graphic file (type pdf)
<use ./raw_files/2.pdf>
Package pdftex.def Info: ./raw_files/2.pdf  used on input line 70.
(pdftex.def)             Requested size: 597.22978pt x 845.15544pt.


pdfTeX warning: pdflatex (file ./raw_files/2.pdf): PDF inclusion: found PDF ver
sion <1.7>, but at most version <1.5> allowed
File: ./raw_files/2.pdf Graphic file (type pdf)
<use ./raw_files/2.pdf>
Package pdftex.def Info: ./raw_files/2.pdf  used on input line 70.
(pdftex.def)             Requested size: 597.22978pt x 845.15544pt.


pdfTeX warning: pdflatex (file ./raw_files/2.pdf): PDF inclusion: found PDF ver
sion <1.7>, but at most version <1.5> allowed


pdfTeX warning: pdflatex (file ./raw_files/2.pdf): PDF inclusion: found PDF ver
sion <1.7>, but at most version <1.5> allowed
<./raw_files/2.pdf, id=80, page=1, 597.23125pt x 845.1575pt>
File: ./raw_files/2.pdf Graphic file (type pdf)
<use ./raw_files/2.pdf, page 1>
Package pdftex.def Info: ./raw_files/2.pdf , page1 used on input line 70.
(pdftex.def)             Requested size: 597.22978pt x 845.15544pt.
File: ./raw_files/2.pdf Graphic file (type pdf)
<use ./raw_files/2.pdf, page 1>
Package pdftex.def Info: ./raw_files/2.pdf , page1 used on input line 70.
(pdftex.def)             Requested size: 561.86221pt x 795.10587pt.
File: ./raw_files/2.pdf Graphic file (type pdf)
<use ./raw_files/2.pdf, page 1>
Package pdftex.def Info: ./raw_files/2.pdf , page1 used on input line 70.
(pdftex.def)             Requested size: 561.86221pt x 795.10587pt.
File: ./raw_files/2.pdf Graphic file (type pdf)
<use ./raw_files/2.pdf, page 1>
Package pdftex.def Info: ./raw_files/2.pdf , page1 used on input line 70.
(pdftex.def)             Requested size: 561.86221pt x 795.10587pt.
File: ./raw_files/2.pdf Graphic file (type pdf)
<use ./raw_files/2.pdf, page 1>
Package pdftex.def Info: ./raw_files/2.pdf , page1 used on input line 70.
(pdftex.def)             Requested size: 561.86221pt x 795.10587pt.
[7 <./raw_files/2.pdf>]

pdfTeX warning: pdflatex (file ./raw_files/2.pdf): PDF inclusion: found PDF ver
sion <1.7>, but at most version <1.5> allowed
<./raw_files/2.pdf, id=90, page=2, 597.23125pt x 845.1575pt>
File: ./raw_files/2.pdf Graphic file (type pdf)
<use ./raw_files/2.pdf, page 2>
Package pdftex.def Info: ./raw_files/2.pdf , page2 used on input line 70.
(pdftex.def)             Requested size: 561.86221pt x 795.10587pt.
File: ./raw_files/2.pdf Graphic file (type pdf)
<use ./raw_files/2.pdf, page 2>
Package pdftex.def Info: ./raw_files/2.pdf , page2 used on input line 70.
(pdftex.def)             Requested size: 561.86221pt x 795.10587pt.
File: ./raw_files/2.pdf Graphic file (type pdf)
<use ./raw_files/2.pdf, page 2>
Package pdftex.def Info: ./raw_files/2.pdf , page2 used on input line 70.
(pdftex.def)             Requested size: 561.86221pt x 795.10587pt.
[8 <./raw_files/2.pdf>]

pdfTeX warning: pdflatex (file ./raw_files/2.pdf): PDF inclusion: found PDF ver
sion <1.7>, but at most version <1.5> allowed
<./raw_files/2.pdf, id=97, page=3, 597.23125pt x 845.1575pt>
File: ./raw_files/2.pdf Graphic file (type pdf)
<use ./raw_files/2.pdf, page 3>
Package pdftex.def Info: ./raw_files/2.pdf , page3 used on input line 70.
(pdftex.def)             Requested size: 561.86221pt x 795.10587pt.
File: ./raw_files/2.pdf Graphic file (type pdf)
<use ./raw_files/2.pdf, page 3>
Package pdftex.def Info: ./raw_files/2.pdf , page3 used on input line 70.
(pdftex.def)             Requested size: 561.86221pt x 795.10587pt.
File: ./raw_files/2.pdf Graphic file (type pdf)
<use ./raw_files/2.pdf, page 3>
Package pdftex.def Info: ./raw_files/2.pdf , page3 used on input line 70.
(pdftex.def)             Requested size: 561.86221pt x 795.10587pt.
[9 <./raw_files/2.pdf>]

pdfTeX warning: pdflatex (file ./raw_files/2.pdf): PDF inclusion: found PDF ver
sion <1.7>, but at most version <1.5> allowed
<./raw_files/2.pdf, id=104, page=4, 597.23125pt x 845.1575pt>
File: ./raw_files/2.pdf Graphic file (type pdf)
<use ./raw_files/2.pdf, page 4>
Package pdftex.def Info: ./raw_files/2.pdf , page4 used on input line 70.
(pdftex.def)             Requested size: 561.86221pt x 795.10587pt.
File: ./raw_files/2.pdf Graphic file (type pdf)
<use ./raw_files/2.pdf, page 4>
Package pdftex.def Info: ./raw_files/2.pdf , page4 used on input line 70.
(pdftex.def)             Requested size: 561.86221pt x 795.10587pt.
File: ./raw_files/2.pdf Graphic file (type pdf)
<use ./raw_files/2.pdf, page 4>
Package pdftex.def Info: ./raw_files/2.pdf , page4 used on input line 70.
(pdftex.def)             Requested size: 561.86221pt x 795.10587pt.
[10 <./raw_files/2.pdf>]
Chapter 3.
[11

]

Package pdfpages Warning: Option `page' is unknow to \includepdf.
(pdfpages)                Did you mean `pages'? (Note the `s'!)
(pdfpages)                OK, I'll proceed as if it were `pages'.



pdfTeX warning: pdflatex (file ./raw_files/3.pdf): PDF inclusion: found PDF ver
sion <1.7>, but at most version <1.5> allowed
<./raw_files/3.pdf, id=115, 597.23125pt x 845.1575pt>
File: ./raw_files/3.pdf Graphic file (type pdf)
<use ./raw_files/3.pdf>
Package pdftex.def Info: ./raw_files/3.pdf  used on input line 73.
(pdftex.def)             Requested size: 597.22978pt x 845.15544pt.


pdfTeX warning: pdflatex (file ./raw_files/3.pdf): PDF inclusion: found PDF ver
sion <1.7>, but at most version <1.5> allowed
File: ./raw_files/3.pdf Graphic file (type pdf)
<use ./raw_files/3.pdf>
Package pdftex.def Info: ./raw_files/3.pdf  used on input line 73.
(pdftex.def)             Requested size: 597.22978pt x 845.15544pt.


pdfTeX warning: pdflatex (file ./raw_files/3.pdf): PDF inclusion: found PDF ver
sion <1.7>, but at most version <1.5> allowed


pdfTeX warning: pdflatex (file ./raw_files/3.pdf): PDF inclusion: found PDF ver
sion <1.7>, but at most version <1.5> allowed
<./raw_files/3.pdf, id=118, page=1, 597.23125pt x 845.1575pt>
File: ./raw_files/3.pdf Graphic file (type pdf)
<use ./raw_files/3.pdf, page 1>
Package pdftex.def Info: ./raw_files/3.pdf , page1 used on input line 73.
(pdftex.def)             Requested size: 597.22978pt x 845.15544pt.
File: ./raw_files/3.pdf Graphic file (type pdf)
<use ./raw_files/3.pdf, page 1>
Package pdftex.def Info: ./raw_files/3.pdf , page1 used on input line 73.
(pdftex.def)             Requested size: 561.86221pt x 795.10587pt.
File: ./raw_files/3.pdf Graphic file (type pdf)
<use ./raw_files/3.pdf, page 1>
Package pdftex.def Info: ./raw_files/3.pdf , page1 used on input line 73.
(pdftex.def)             Requested size: 561.86221pt x 795.10587pt.
File: ./raw_files/3.pdf Graphic file (type pdf)
<use ./raw_files/3.pdf, page 1>
Package pdftex.def Info: ./raw_files/3.pdf , page1 used on input line 73.
(pdftex.def)             Requested size: 561.86221pt x 795.10587pt.
File: ./raw_files/3.pdf Graphic file (type pdf)
<use ./raw_files/3.pdf, page 1>
Package pdftex.def Info: ./raw_files/3.pdf , page1 used on input line 73.
(pdftex.def)             Requested size: 561.86221pt x 795.10587pt.
[12 <./raw_files/3.pdf>]

pdfTeX warning: pdflatex (file ./raw_files/3.pdf): PDF inclusion: found PDF ver
sion <1.7>, but at most version <1.5> allowed
<./raw_files/3.pdf, id=127, page=2, 597.23125pt x 845.1575pt>
File: ./raw_files/3.pdf Graphic file (type pdf)
<use ./raw_files/3.pdf, page 2>
Package pdftex.def Info: ./raw_files/3.pdf , page2 used on input line 73.
(pdftex.def)             Requested size: 561.86221pt x 795.10587pt.
File: ./raw_files/3.pdf Graphic file (type pdf)
<use ./raw_files/3.pdf, page 2>
Package pdftex.def Info: ./raw_files/3.pdf , page2 used on input line 73.
(pdftex.def)             Requested size: 561.86221pt x 795.10587pt.
File: ./raw_files/3.pdf Graphic file (type pdf)
<use ./raw_files/3.pdf, page 2>
Package pdftex.def Info: ./raw_files/3.pdf , page2 used on input line 73.
(pdftex.def)             Requested size: 561.86221pt x 795.10587pt.
[13 <./raw_files/3.pdf>]

pdfTeX warning: pdflatex (file ./raw_files/3.pdf): PDF inclusion: found PDF ver
sion <1.7>, but at most version <1.5> allowed
<./raw_files/3.pdf, id=135, page=3, 597.23125pt x 845.1575pt>
File: ./raw_files/3.pdf Graphic file (type pdf)
<use ./raw_files/3.pdf, page 3>
Package pdftex.def Info: ./raw_files/3.pdf , page3 used on input line 73.
(pdftex.def)             Requested size: 561.86221pt x 795.10587pt.
File: ./raw_files/3.pdf Graphic file (type pdf)
<use ./raw_files/3.pdf, page 3>
Package pdftex.def Info: ./raw_files/3.pdf , page3 used on input line 73.
(pdftex.def)             Requested size: 561.86221pt x 795.10587pt.
File: ./raw_files/3.pdf Graphic file (type pdf)
<use ./raw_files/3.pdf, page 3>
Package pdftex.def Info: ./raw_files/3.pdf , page3 used on input line 73.
(pdftex.def)             Requested size: 561.86221pt x 795.10587pt.
[14 <./raw_files/3.pdf>]

pdfTeX warning: pdflatex (file ./raw_files/3.pdf): PDF inclusion: found PDF ver
sion <1.7>, but at most version <1.5> allowed
<./raw_files/3.pdf, id=142, page=4, 597.23125pt x 845.1575pt>
File: ./raw_files/3.pdf Graphic file (type pdf)
<use ./raw_files/3.pdf, page 4>
Package pdftex.def Info: ./raw_files/3.pdf , page4 used on input line 73.
(pdftex.def)             Requested size: 561.86221pt x 795.10587pt.
File: ./raw_files/3.pdf Graphic file (type pdf)
<use ./raw_files/3.pdf, page 4>
Package pdftex.def Info: ./raw_files/3.pdf , page4 used on input line 73.
(pdftex.def)             Requested size: 561.86221pt x 795.10587pt.
File: ./raw_files/3.pdf Graphic file (type pdf)
<use ./raw_files/3.pdf, page 4>
Package pdftex.def Info: ./raw_files/3.pdf , page4 used on input line 73.
(pdftex.def)             Requested size: 561.86221pt x 795.10587pt.
[15 <./raw_files/3.pdf>]

pdfTeX warning: pdflatex (file ./raw_files/3.pdf): PDF inclusion: found PDF ver
sion <1.7>, but at most version <1.5> allowed
<./raw_files/3.pdf, id=149, page=5, 597.23125pt x 845.1575pt>
File: ./raw_files/3.pdf Graphic file (type pdf)
<use ./raw_files/3.pdf, page 5>
Package pdftex.def Info: ./raw_files/3.pdf , page5 used on input line 73.
(pdftex.def)             Requested size: 561.86221pt x 795.10587pt.
File: ./raw_files/3.pdf Graphic file (type pdf)
<use ./raw_files/3.pdf, page 5>
Package pdftex.def Info: ./raw_files/3.pdf , page5 used on input line 73.
(pdftex.def)             Requested size: 561.86221pt x 795.10587pt.
File: ./raw_files/3.pdf Graphic file (type pdf)
<use ./raw_files/3.pdf, page 5>
Package pdftex.def Info: ./raw_files/3.pdf , page5 used on input line 73.
(pdftex.def)             Requested size: 561.86221pt x 795.10587pt.
[16 <./raw_files/3.pdf>]

pdfTeX warning: pdflatex (file ./raw_files/3.pdf): PDF inclusion: found PDF ver
sion <1.7>, but at most version <1.5> allowed
<./raw_files/3.pdf, id=156, page=6, 597.23125pt x 845.1575pt>
File: ./raw_files/3.pdf Graphic file (type pdf)
<use ./raw_files/3.pdf, page 6>
Package pdftex.def Info: ./raw_files/3.pdf , page6 used on input line 73.
(pdftex.def)             Requested size: 561.86221pt x 795.10587pt.
File: ./raw_files/3.pdf Graphic file (type pdf)
<use ./raw_files/3.pdf, page 6>
Package pdftex.def Info: ./raw_files/3.pdf , page6 used on input line 73.
(pdftex.def)             Requested size: 561.86221pt x 795.10587pt.
File: ./raw_files/3.pdf Graphic file (type pdf)
<use ./raw_files/3.pdf, page 6>
Package pdftex.def Info: ./raw_files/3.pdf , page6 used on input line 73.
(pdftex.def)             Requested size: 561.86221pt x 795.10587pt.
[17 <./raw_files/3.pdf>]
Chapter 4.
[18

]

Package pdfpages Warning: Option `page' is unknow to \includepdf.
(pdfpages)                Did you mean `pages'? (Note the `s'!)
(pdfpages)                OK, I'll proceed as if it were `pages'.



pdfTeX warning: pdflatex (file ./raw_files/4.pdf): PDF inclusion: found PDF ver
sion <1.7>, but at most version <1.5> allowed
<./raw_files/4.pdf, id=167, 597.23125pt x 845.1575pt>
File: ./raw_files/4.pdf Graphic file (type pdf)
<use ./raw_files/4.pdf>
Package pdftex.def Info: ./raw_files/4.pdf  used on input line 76.
(pdftex.def)             Requested size: 597.22978pt x 845.15544pt.


pdfTeX warning: pdflatex (file ./raw_files/4.pdf): PDF inclusion: found PDF ver
sion <1.7>, but at most version <1.5> allowed
File: ./raw_files/4.pdf Graphic file (type pdf)
<use ./raw_files/4.pdf>
Package pdftex.def Info: ./raw_files/4.pdf  used on input line 76.
(pdftex.def)             Requested size: 597.22978pt x 845.15544pt.


pdfTeX warning: pdflatex (file ./raw_files/4.pdf): PDF inclusion: found PDF ver
sion <1.7>, but at most version <1.5> allowed


pdfTeX warning: pdflatex (file ./raw_files/4.pdf): PDF inclusion: found PDF ver
sion <1.7>, but at most version <1.5> allowed
<./raw_files/4.pdf, id=170, page=1, 597.23125pt x 845.1575pt>
File: ./raw_files/4.pdf Graphic file (type pdf)
<use ./raw_files/4.pdf, page 1>
Package pdftex.def Info: ./raw_files/4.pdf , page1 used on input line 76.
(pdftex.def)             Requested size: 597.22978pt x 845.15544pt.
File: ./raw_files/4.pdf Graphic file (type pdf)
<use ./raw_files/4.pdf, page 1>
Package pdftex.def Info: ./raw_files/4.pdf , page1 used on input line 76.
(pdftex.def)             Requested size: 561.86221pt x 795.10587pt.
File: ./raw_files/4.pdf Graphic file (type pdf)
<use ./raw_files/4.pdf, page 1>
Package pdftex.def Info: ./raw_files/4.pdf , page1 used on input line 76.
(pdftex.def)             Requested size: 561.86221pt x 795.10587pt.
File: ./raw_files/4.pdf Graphic file (type pdf)
<use ./raw_files/4.pdf, page 1>
Package pdftex.def Info: ./raw_files/4.pdf , page1 used on input line 76.
(pdftex.def)             Requested size: 561.86221pt x 795.10587pt.
File: ./raw_files/4.pdf Graphic file (type pdf)
<use ./raw_files/4.pdf, page 1>
Package pdftex.def Info: ./raw_files/4.pdf , page1 used on input line 76.
(pdftex.def)             Requested size: 561.86221pt x 795.10587pt.
[19 <./raw_files/4.pdf>]

pdfTeX warning: pdflatex (file ./raw_files/4.pdf): PDF inclusion: found PDF ver
sion <1.7>, but at most version <1.5> allowed
<./raw_files/4.pdf, id=181, page=2, 597.23125pt x 845.1575pt>
File: ./raw_files/4.pdf Graphic file (type pdf)
<use ./raw_files/4.pdf, page 2>
Package pdftex.def Info: ./raw_files/4.pdf , page2 used on input line 76.
(pdftex.def)             Requested size: 561.86221pt x 795.10587pt.
File: ./raw_files/4.pdf Graphic file (type pdf)
<use ./raw_files/4.pdf, page 2>
Package pdftex.def Info: ./raw_files/4.pdf , page2 used on input line 76.
(pdftex.def)             Requested size: 561.86221pt x 795.10587pt.
File: ./raw_files/4.pdf Graphic file (type pdf)
<use ./raw_files/4.pdf, page 2>
Package pdftex.def Info: ./raw_files/4.pdf , page2 used on input line 76.
(pdftex.def)             Requested size: 561.86221pt x 795.10587pt.
[20 <./raw_files/4.pdf>]

pdfTeX warning: pdflatex (file ./raw_files/4.pdf): PDF inclusion: found PDF ver
sion <1.7>, but at most version <1.5> allowed
<./raw_files/4.pdf, id=188, page=3, 597.23125pt x 845.1575pt>
File: ./raw_files/4.pdf Graphic file (type pdf)
<use ./raw_files/4.pdf, page 3>
Package pdftex.def Info: ./raw_files/4.pdf , page3 used on input line 76.
(pdftex.def)             Requested size: 561.86221pt x 795.10587pt.
File: ./raw_files/4.pdf Graphic file (type pdf)
<use ./raw_files/4.pdf, page 3>
Package pdftex.def Info: ./raw_files/4.pdf , page3 used on input line 76.
(pdftex.def)             Requested size: 561.86221pt x 795.10587pt.
File: ./raw_files/4.pdf Graphic file (type pdf)
<use ./raw_files/4.pdf, page 3>
Package pdftex.def Info: ./raw_files/4.pdf , page3 used on input line 76.
(pdftex.def)             Requested size: 561.86221pt x 795.10587pt.
[21 <./raw_files/4.pdf>]

pdfTeX warning: pdflatex (file ./raw_files/4.pdf): PDF inclusion: found PDF ver
sion <1.7>, but at most version <1.5> allowed
<./raw_files/4.pdf, id=195, page=4, 597.23125pt x 845.1575pt>
File: ./raw_files/4.pdf Graphic file (type pdf)
<use ./raw_files/4.pdf, page 4>
Package pdftex.def Info: ./raw_files/4.pdf , page4 used on input line 76.
(pdftex.def)             Requested size: 561.86221pt x 795.10587pt.
File: ./raw_files/4.pdf Graphic file (type pdf)
<use ./raw_files/4.pdf, page 4>
Package pdftex.def Info: ./raw_files/4.pdf , page4 used on input line 76.
(pdftex.def)             Requested size: 561.86221pt x 795.10587pt.
File: ./raw_files/4.pdf Graphic file (type pdf)
<use ./raw_files/4.pdf, page 4>
Package pdftex.def Info: ./raw_files/4.pdf , page4 used on input line 76.
(pdftex.def)             Requested size: 561.86221pt x 795.10587pt.
[22 <./raw_files/4.pdf>]

pdfTeX warning: pdflatex (file ./raw_files/4.pdf): PDF inclusion: found PDF ver
sion <1.7>, but at most version <1.5> allowed
<./raw_files/4.pdf, id=202, page=5, 597.23125pt x 845.1575pt>
File: ./raw_files/4.pdf Graphic file (type pdf)
<use ./raw_files/4.pdf, page 5>
Package pdftex.def Info: ./raw_files/4.pdf , page5 used on input line 76.
(pdftex.def)             Requested size: 561.86221pt x 795.10587pt.
File: ./raw_files/4.pdf Graphic file (type pdf)
<use ./raw_files/4.pdf, page 5>
Package pdftex.def Info: ./raw_files/4.pdf , page5 used on input line 76.
(pdftex.def)             Requested size: 561.86221pt x 795.10587pt.
File: ./raw_files/4.pdf Graphic file (type pdf)
<use ./raw_files/4.pdf, page 5>
Package pdftex.def Info: ./raw_files/4.pdf , page5 used on input line 76.
(pdftex.def)             Requested size: 561.86221pt x 795.10587pt.
[23 <./raw_files/4.pdf>]
Chapter 5.
[24

]

Package pdfpages Warning: Option `page' is unknow to \includepdf.
(pdfpages)                Did you mean `pages'? (Note the `s'!)
(pdfpages)                OK, I'll proceed as if it were `pages'.



pdfTeX warning: pdflatex (file ./raw_files/5.pdf): PDF inclusion: found PDF ver
sion <1.7>, but at most version <1.5> allowed
<./raw_files/5.pdf, id=213, 597.23125pt x 845.1575pt>
File: ./raw_files/5.pdf Graphic file (type pdf)
<use ./raw_files/5.pdf>
Package pdftex.def Info: ./raw_files/5.pdf  used on input line 79.
(pdftex.def)             Requested size: 597.22978pt x 845.15544pt.


pdfTeX warning: pdflatex (file ./raw_files/5.pdf): PDF inclusion: found PDF ver
sion <1.7>, but at most version <1.5> allowed
File: ./raw_files/5.pdf Graphic file (type pdf)
<use ./raw_files/5.pdf>
Package pdftex.def Info: ./raw_files/5.pdf  used on input line 79.
(pdftex.def)             Requested size: 597.22978pt x 845.15544pt.


pdfTeX warning: pdflatex (file ./raw_files/5.pdf): PDF inclusion: found PDF ver
sion <1.7>, but at most version <1.5> allowed


pdfTeX warning: pdflatex (file ./raw_files/5.pdf): PDF inclusion: found PDF ver
sion <1.7>, but at most version <1.5> allowed
<./raw_files/5.pdf, id=216, page=1, 597.23125pt x 845.1575pt>
File: ./raw_files/5.pdf Graphic file (type pdf)
<use ./raw_files/5.pdf, page 1>
Package pdftex.def Info: ./raw_files/5.pdf , page1 used on input line 79.
(pdftex.def)             Requested size: 597.22978pt x 845.15544pt.
File: ./raw_files/5.pdf Graphic file (type pdf)
<use ./raw_files/5.pdf, page 1>
Package pdftex.def Info: ./raw_files/5.pdf , page1 used on input line 79.
(pdftex.def)             Requested size: 561.86221pt x 795.10587pt.
File: ./raw_files/5.pdf Graphic file (type pdf)
<use ./raw_files/5.pdf, page 1>
Package pdftex.def Info: ./raw_files/5.pdf , page1 used on input line 79.
(pdftex.def)             Requested size: 561.86221pt x 795.10587pt.
File: ./raw_files/5.pdf Graphic file (type pdf)
<use ./raw_files/5.pdf, page 1>
Package pdftex.def Info: ./raw_files/5.pdf , page1 used on input line 79.
(pdftex.def)             Requested size: 561.86221pt x 795.10587pt.
File: ./raw_files/5.pdf Graphic file (type pdf)
<use ./raw_files/5.pdf, page 1>
Package pdftex.def Info: ./raw_files/5.pdf , page1 used on input line 79.
(pdftex.def)             Requested size: 561.86221pt x 795.10587pt.
[25 <./raw_files/5.pdf>]

pdfTeX warning: pdflatex (file ./raw_files/5.pdf): PDF inclusion: found PDF ver
sion <1.7>, but at most version <1.5> allowed
<./raw_files/5.pdf, id=226, page=2, 597.23125pt x 845.1575pt>
File: ./raw_files/5.pdf Graphic file (type pdf)
<use ./raw_files/5.pdf, page 2>
Package pdftex.def Info: ./raw_files/5.pdf , page2 used on input line 79.
(pdftex.def)             Requested size: 561.86221pt x 795.10587pt.
File: ./raw_files/5.pdf Graphic file (type pdf)
<use ./raw_files/5.pdf, page 2>
Package pdftex.def Info: ./raw_files/5.pdf , page2 used on input line 79.
(pdftex.def)             Requested size: 561.86221pt x 795.10587pt.
File: ./raw_files/5.pdf Graphic file (type pdf)
<use ./raw_files/5.pdf, page 2>
Package pdftex.def Info: ./raw_files/5.pdf , page2 used on input line 79.
(pdftex.def)             Requested size: 561.86221pt x 795.10587pt.
[26 <./raw_files/5.pdf>]

pdfTeX warning: pdflatex (file ./raw_files/5.pdf): PDF inclusion: found PDF ver
sion <1.7>, but at most version <1.5> allowed
<./raw_files/5.pdf, id=233, page=3, 597.23125pt x 845.1575pt>
File: ./raw_files/5.pdf Graphic file (type pdf)
<use ./raw_files/5.pdf, page 3>
Package pdftex.def Info: ./raw_files/5.pdf , page3 used on input line 79.
(pdftex.def)             Requested size: 561.86221pt x 795.10587pt.
File: ./raw_files/5.pdf Graphic file (type pdf)
<use ./raw_files/5.pdf, page 3>
Package pdftex.def Info: ./raw_files/5.pdf , page3 used on input line 79.
(pdftex.def)             Requested size: 561.86221pt x 795.10587pt.
File: ./raw_files/5.pdf Graphic file (type pdf)
<use ./raw_files/5.pdf, page 3>
Package pdftex.def Info: ./raw_files/5.pdf , page3 used on input line 79.
(pdftex.def)             Requested size: 561.86221pt x 795.10587pt.
[27 <./raw_files/5.pdf>]
Package atveryend Info: Empty hook `BeforeClearDocument' on input line 81.
Package atveryend Info: Empty hook `AfterLastShipout' on input line 81.
 (./machine_learning.aux)
Package atveryend Info: Executing hook `AtVeryEndDocument' on input line 81.
Package atveryend Info: Executing hook `AtEndAfterFileList' on input line 81.
Package rerunfilecheck Info: File `machine_learning.out' has not changed.
(rerunfilecheck)             Checksum: 7EC4A93F32C8E1F53A9ACCEB748A8BB6;295.
Package atveryend Info: Empty hook `AtVeryVeryEnd' on input line 81.
 ) 
Here is how much of TeX's memory you used:
 7044 strings out of 494880
 104700 string characters out of 6179600
 193113 words of memory out of 5000000
 10268 multiletter control sequences out of 15000+600000
 5764 words of font info for 21 fonts, out of 8000000 for 9000
 36 hyphenation exceptions out of 8191
 40i,18n,46p,193b,447s stack positions out of 5000i,500n,10000p,200000b,80000s
</usr/share/texlive/texmf-dist/fonts/type1/public/amsfonts/cm/cmbx10.pfb></us
r/share/texlive/texmf-dist/fonts/type1/public/amsfonts/cm/cmr10.pfb></usr/share
/texlive/texmf-dist/fonts/type1/public/amsfonts/cm/cmss17.pfb>
Output written on machine_learning.pdf (27 pages, 2075837 bytes).
PDF statistics:
 261 PDF objects out of 1000 (max. 8388607)
 167 compressed objects within 2 object streams
 34 named destinations out of 1000 (max. 500000)
 236 words of extra memory for PDF output out of 10000 (max. 10000000)

