\BOOKMARK [0][-]{chapter.1}{Introduction to ROS and its Package Management}{}% 1
\BOOKMARK [0][-]{chapter.2}{ROS Official Tutorial}{}% 2
\BOOKMARK [0][-]{chapter.3}{ETH zuric cource}{}% 3
\BOOKMARK [0][-]{chapter.4}{TF Turorial}{}% 4
\BOOKMARK [0][-]{chapter.5}{URDF Tutorial}{}% 5
\BOOKMARK [0][-]{chapter.6}{Mastering ROS for Robotics Program}{}% 6
\BOOKMARK [0][-]{chapter.7}{Simulating Robot Using ROS and Gazebo}{}% 7
\BOOKMARK [0][-]{chapter.8}{ROS Controllers}{}% 8
\BOOKMARK [0][-]{chapter.9}{Navigation Stack}{}% 9
\BOOKMARK [0][-]{chapter.10}{Interfacing I/O Board, Sensor, and Actuators to ROS}{}% 10
\BOOKMARK [0][-]{chapter.11}{ROS Tools}{}% 11
\BOOKMARK [0][-]{chapter.12}{Things to know before programming ROS}{}% 12
\BOOKMARK [0][-]{chapter.13}{Robot Sensor Motor}{}% 13
\BOOKMARK [0][-]{chapter.14}{SLAM Theory}{}% 14
\BOOKMARK [0][-]{chapter.15}{Navigation Theory}{}% 15
\BOOKMARK [0][-]{chapter.16}{Ros Developers Guide}{}% 16
\BOOKMARK [0][-]{chapter.17}{package.xml}{}% 17
\BOOKMARK [0][-]{chapter.18}{CMakeList.txt}{}% 18
\BOOKMARK [0][-]{chapter.19}{Doxygen}{}% 19
\BOOKMARK [0][-]{chapter.20}{Working with Pluginlib, Nodelets and Gazebo Plugins}{}% 20
\BOOKMARK [0][-]{chapter.21}{Writing ROS Controllers and Visulization Plugins}{}% 21
\BOOKMARK [0][-]{chapter.22}{Working with ROS actionlib}{}% 22
\BOOKMARK [0][-]{chapter.23}{Applications of topic, service and actionlib}{}% 23
\BOOKMARK [0][-]{chapter.24}{Moving Robot Joints Using ROS Controllers in Gazebo}{}% 24
\BOOKMARK [0][-]{chapter.25}{Working with a robot in Simulation}{}% 25
\BOOKMARK [0][-]{chapter.26}{Working with real Robot}{}% 26
\BOOKMARK [0][-]{chapter.27}{Robot State Publisher}{}% 27
\BOOKMARK [0][-]{chapter.28}{Navigation Tutorial}{}% 28
\BOOKMARK [0][-]{chapter.29}{Running ROS across multiple machine}{}% 29
\BOOKMARK [0][-]{chapter.30}{RPLiDAR}{}% 30
\BOOKMARK [0][-]{chapter.31}{Gmapping}{}% 31
\BOOKMARK [0][-]{chapter.32}{Map Server}{}% 32
\BOOKMARK [0][-]{chapter.33}{AMCL}{}% 33
